<?xml version="1.0" encoding="UTF-8"?>
<!-- Generated by org.testng.reporters.JUnitReportReporter -->
<testsuite skipped="0" hostname="Lenovo-PC" name="com.Gmail.SpringGmail.tests.LoginTests" tests="1" failures="0" timestamp="02 Jul 2021 12:37:43 GMT" time="0.040" errors="0">
  <testcase name="testlogin" time="0.040" classname="com.Gmail.SpringGmail.tests.LoginTests"/>
</testsuite> <!-- com.Gmail.SpringGmail.tests.LoginTests -->
