<?xml version="1.0" encoding="UTF-8"?>
<!-- Generated by org.testng.reporters.JUnitReportReporter -->
<testsuite skipped="0" hostname="Lenovo-PC" name="com.Gmail.SpringGmail.tests.LoginTestsContext" tests="1" failures="0" timestamp="02 Jul 2021 12:33:33 GMT" time="1.255" errors="0">
  <testcase name="testlogin" time="1.255" classname="com.Gmail.SpringGmail.tests.LoginTestsContext"/>
</testsuite> <!-- com.Gmail.SpringGmail.tests.LoginTestsContext -->
