<?xml version="1.0" encoding="UTF-8"?>
<!-- Generated by org.testng.reporters.JUnitReportReporter -->
<testsuite skipped="0" hostname="Lenovo-PC" name="com.Gmail.SpringGmail.tests.ForgotUNTests" tests="1" failures="0" timestamp="09 Jul 2021 12:58:32 GMT" time="31.459" errors="0">
  <testcase name="forgotUNcheck" time="31.459" classname="com.Gmail.SpringGmail.tests.ForgotUNTests"/>
</testsuite> <!-- com.Gmail.SpringGmail.tests.ForgotUNTests -->
